# JRE version: OpenJDK Runtime Environment Temurin-21.0.5+11 (21.0.5+11) (build 21.0.5+11-LTS)
# Java VM: OpenJDK 64-Bit Server VM Temurin-21.0.5+11 (21.0.5+11-LTS, mixed mode, sharing, tiered, compressed oops, compressed class ptrs, parallel gc, windows-amd64)
GC Precious Log:
 CardTable entry size: 512
 CPUs: 8 total, 8 available
 Memory: 3797M
 Large Page Support: Disabled
 NUMA Support: Disabled
 Compressed Oops: Enabled (32-bit)
 Alignments: Space 512K, Generation 512K, Heap 2M
 Heap Min Capacity: 100M
 Heap Initial Capacity: 100M
 Heap Max Capacity: 1G
 Pre-touch: Disabled
 Parallel Workers: 8
Heap:
 PSYoungGen      total 22016K, used 13108K [0x00000000eab00000, 0x00000000ed200000, 0x0000000100000000)
  eden space 19456K, 54% used [0x00000000eab00000,0x00000000eb552368,0x00000000ebe00000)
  from space 2560K, 99% used [0x00000000ebe80000,0x00000000ec0faf38,0x00000000ec100000)
  to   space 10240K, 0% used [0x00000000ec800000,0x00000000ec800000,0x00000000ed200000)
 ParOldGen       total 68608K, used 39093K [0x00000000c0000000, 0x00000000c4300000, 0x00000000eab00000)
  object space 68608K, 56% used [0x00000000c0000000,0x00000000c262d548,0x00000000c4300000)
 Metaspace       used 48103K, committed 49344K, reserved 1114112K
  class space    used 5021K, committed 5568K, reserved 1048576K
GC Heap History (20 events):
Event: 66.179 GC heap before
{Heap before GC invocations=16 (full 2):
 PSYoungGen      total 24576K, used 22016K [0x00000000eab00000, 0x00000000ec680000, 0x0000000100000000)
  eden space 22016K, 100% used [0x00000000eab00000,0x00000000ec080000,0x00000000ec080000)
  from space 2560K, 0% used [0x00000000ec200000,0x00000000ec200000,0x00000000ec480000)
  to   space 1536K, 0% used [0x00000000ec500000,0x00000000ec500000,0x00000000ec680000)
 ParOldGen       total 68608K, used 18518K [0x00000000c0000000, 0x00000000c4300000, 0x00000000eab00000)
  object space 68608K, 26% used [0x00000000c0000000,0x00000000c1215a90,0x00000000c4300000)
 Metaspace       used 37487K, committed 38720K, reserved 1114112K
  class space    used 3829K, committed 4352K, reserved 1048576K
}
Event: 66.181 GC heap after
{Heap after GC invocations=16 (full 2):
 PSYoungGen      total 23552K, used 1521K [0x00000000eab00000, 0x00000000ec680000, 0x0000000100000000)
  eden space 22016K, 0% used [0x00000000eab00000,0x00000000eab00000,0x00000000ec080000)
  from space 1536K, 99% used [0x00000000ec500000,0x00000000ec67c4a0,0x00000000ec680000)
  to   space 2048K, 0% used [0x00000000ec280000,0x00000000ec280000,0x00000000ec480000)
 ParOldGen       total 68608K, used 18862K [0x00000000c0000000, 0x00000000c4300000, 0x00000000eab00000)
  object space 68608K, 27% used [0x00000000c0000000,0x00000000c126bab0,0x00000000c4300000)
 Metaspace       used 37487K, committed 38720K, reserved 1114112K
  class space    used 3829K, committed 4352K, reserved 1048576K
}
Event: 66.400 GC heap before
{Heap before GC invocations=17 (full 2):
 PSYoungGen      total 23552K, used 23537K [0x00000000eab00000, 0x00000000ec680000, 0x0000000100000000)
  eden space 22016K, 100% used [0x00000000eab00000,0x00000000ec080000,0x00000000ec080000)
  from space 1536K, 99% used [0x00000000ec500000,0x00000000ec67c4a0,0x00000000ec680000)
  to   space 2048K, 0% used [0x00000000ec280000,0x00000000ec280000,0x00000000ec480000)
 ParOldGen       total 68608K, used 18862K [0x00000000c0000000, 0x00000000c4300000, 0x00000000eab00000)
  object space 68608K, 27% used [0x00000000c0000000,0x00000000c126bab0,0x00000000c4300000)
 Metaspace       used 39821K, committed 41216K, reserved 1114112K
  class space    used 4137K, committed 4736K, reserved 1048576K
}
Event: 66.404 GC heap after
{Heap after GC invocations=17 (full 2):
 PSYoungGen      total 24064K, used 1568K [0x00000000eab00000, 0x00000000ec580000, 0x0000000100000000)
  eden space 22016K, 0% used [0x00000000eab00000,0x00000000eab00000,0x00000000ec080000)
  from space 2048K, 76% used [0x00000000ec280000,0x00000000ec408000,0x00000000ec480000)
  to   space 1024K, 0% used [0x00000000ec480000,0x00000000ec480000,0x00000000ec580000)
 ParOldGen       total 68608K, used 20044K [0x00000000c0000000, 0x00000000c4300000, 0x00000000eab00000)
  object space 68608K, 29% used [0x00000000c0000000,0x00000000c13932c0,0x00000000c4300000)
 Metaspace       used 39821K, committed 41216K, reserved 1114112K
  class space    used 4137K, committed 4736K, reserved 1048576K
}
Event: 67.062 GC heap before
{Heap before GC invocations=18 (full 2):
 PSYoungGen      total 24064K, used 23584K [0x00000000eab00000, 0x00000000ec580000, 0x0000000100000000)
  eden space 22016K, 100% used [0x00000000eab00000,0x00000000ec080000,0x00000000ec080000)
  from space 2048K, 76% used [0x00000000ec280000,0x00000000ec408000,0x00000000ec480000)
  to   space 1024K, 0% used [0x00000000ec480000,0x00000000ec480000,0x00000000ec580000)
 ParOldGen       total 68608K, used 20044K [0x00000000c0000000, 0x00000000c4300000, 0x00000000eab00000)
  object space 68608K, 29% used [0x00000000c0000000,0x00000000c13932c0,0x00000000c4300000)
 Metaspace       used 42126K, committed 43456K, reserved 1114112K
  class space    used 4382K, committed 4928K, reserved 1048576K
}
Event: 67.067 GC heap after
{Heap after GC invocations=18 (full 2):
 PSYoungGen      total 23040K, used 1006K [0x00000000eab00000, 0x00000000ec780000, 0x0000000100000000)
  eden space 22016K, 0% used [0x00000000eab00000,0x00000000eab00000,0x00000000ec080000)
  from space 1024K, 98% used [0x00000000ec480000,0x00000000ec57b950,0x00000000ec580000)
  to   space 3584K, 0% used [0x00000000ec080000,0x00000000ec080000,0x00000000ec400000)
 ParOldGen       total 68608K, used 22202K [0x00000000c0000000, 0x00000000c4300000, 0x00000000eab00000)
  object space 68608K, 32% used [0x00000000c0000000,0x00000000c15aebc8,0x00000000c4300000)
 Metaspace       used 42126K, committed 43456K, reserved 1114112K
  class space    used 4382K, committed 4928K, reserved 1048576K
}
Event: 67.533 GC heap before
{Heap before GC invocations=19 (full 2):
 PSYoungGen      total 23040K, used 23022K [0x00000000eab00000, 0x00000000ec780000, 0x0000000100000000)
  eden space 22016K, 100% used [0x00000000eab00000,0x00000000ec080000,0x00000000ec080000)
  from space 1024K, 98% used [0x00000000ec480000,0x00000000ec57b950,0x00000000ec580000)
  to   space 3584K, 0% used [0x00000000ec080000,0x00000000ec080000,0x00000000ec400000)
 ParOldGen       total 68608K, used 22202K [0x00000000c0000000, 0x00000000c4300000, 0x00000000eab00000)
  object space 68608K, 32% used [0x00000000c0000000,0x00000000c15aebc8,0x00000000c4300000)
 Metaspace       used 43573K, committed 44800K, reserved 1114112K
  class space    used 4590K, committed 5120K, reserved 1048576K
}
Event: 67.537 GC heap after
{Heap after GC invocations=19 (full 2):
 PSYoungGen      total 24064K, used 1613K [0x00000000eab00000, 0x00000000ec580000, 0x0000000100000000)
  eden space 22016K, 0% used [0x00000000eab00000,0x00000000eab00000,0x00000000ec080000)
  from space 2048K, 78% used [0x00000000ec080000,0x00000000ec213510,0x00000000ec280000)
  to   space 2560K, 0% used [0x00000000ec300000,0x00000000ec300000,0x00000000ec580000)
 ParOldGen       total 68608K, used 22982K [0x00000000c0000000, 0x00000000c4300000, 0x00000000eab00000)
  object space 68608K, 33% used [0x00000000c0000000,0x00000000c1671bd8,0x00000000c4300000)
 Metaspace       used 43573K, committed 44800K, reserved 1114112K
  class space    used 4590K, committed 5120K, reserved 1048576K
}
Event: 68.015 GC heap before
{Heap before GC invocations=20 (full 2):
 PSYoungGen      total 24064K, used 23629K [0x00000000eab00000, 0x00000000ec580000, 0x0000000100000000)
  eden space 22016K, 100% used [0x00000000eab00000,0x00000000ec080000,0x00000000ec080000)
  from space 2048K, 78% used [0x00000000ec080000,0x00000000ec213510,0x00000000ec280000)
  to   space 2560K, 0% used [0x00000000ec300000,0x00000000ec300000,0x00000000ec580000)
 ParOldGen       total 68608K, used 22982K [0x00000000c0000000, 0x00000000c4300000, 0x00000000eab00000)
  object space 68608K, 33% used [0x00000000c0000000,0x00000000c1671bd8,0x00000000c4300000)
 Metaspace       used 45552K, committed 46912K, reserved 1114112K
  class space    used 4807K, committed 5376K, reserved 1048576K
}
Event: 68.019 GC heap after
{Heap after GC invocations=20 (full 2):
 PSYoungGen      total 24576K, used 2066K [0x00000000eab00000, 0x00000000ec580000, 0x0000000100000000)
  eden space 22016K, 0% used [0x00000000eab00000,0x00000000eab00000,0x00000000ec080000)
  from space 2560K, 80% used [0x00000000ec300000,0x00000000ec504920,0x00000000ec580000)
  to   space 2560K, 0% used [0x00000000ec080000,0x00000000ec080000,0x00000000ec300000)
 ParOldGen       total 68608K, used 24465K [0x00000000c0000000, 0x00000000c4300000, 0x00000000eab00000)
  object space 68608K, 35% used [0x00000000c0000000,0x00000000c17e46c0,0x00000000c4300000)
 Metaspace       used 45552K, committed 46912K, reserved 1114112K
  class space    used 4807K, committed 5376K, reserved 1048576K
}
Event: 68.266 GC heap before
{Heap before GC invocations=21 (full 2):
 PSYoungGen      total 24576K, used 24082K [0x00000000eab00000, 0x00000000ec580000, 0x0000000100000000)
  eden space 22016K, 100% used [0x00000000eab00000,0x00000000ec080000,0x00000000ec080000)
  from space 2560K, 80% used [0x00000000ec300000,0x00000000ec504920,0x00000000ec580000)
  to   space 2560K, 0% used [0x00000000ec080000,0x00000000ec080000,0x00000000ec300000)
 ParOldGen       total 68608K, used 24465K [0x00000000c0000000, 0x00000000c4300000, 0x00000000eab00000)
  object space 68608K, 35% used [0x00000000c0000000,0x00000000c17e46c0,0x00000000c4300000)
 Metaspace       used 46038K, committed 47360K, reserved 1114112K
  class space    used 4859K, committed 5376K, reserved 1048576K
}
Event: 68.272 GC heap after
{Heap after GC invocations=21 (full 2):
 PSYoungGen      total 24064K, used 1905K [0x00000000eab00000, 0x00000000ec480000, 0x0000000100000000)
  eden space 22016K, 0% used [0x00000000eab00000,0x00000000eab00000,0x00000000ec080000)
  from space 2048K, 93% used [0x00000000ec080000,0x00000000ec25c410,0x00000000ec280000)
  to   space 2048K, 0% used [0x00000000ec280000,0x00000000ec280000,0x00000000ec480000)
 ParOldGen       total 68608K, used 26316K [0x00000000c0000000, 0x00000000c4300000, 0x00000000eab00000)
  object space 68608K, 38% used [0x00000000c0000000,0x00000000c19b3208,0x00000000c4300000)
 Metaspace       used 46038K, committed 47360K, reserved 1114112K
  class space    used 4859K, committed 5376K, reserved 1048576K
}
Event: 68.485 GC heap before
{Heap before GC invocations=22 (full 2):
 PSYoungGen      total 24064K, used 23921K [0x00000000eab00000, 0x00000000ec480000, 0x0000000100000000)
  eden space 22016K, 100% used [0x00000000eab00000,0x00000000ec080000,0x00000000ec080000)
  from space 2048K, 93% used [0x00000000ec080000,0x00000000ec25c410,0x00000000ec280000)
  to   space 2048K, 0% used [0x00000000ec280000,0x00000000ec280000,0x00000000ec480000)
 ParOldGen       total 68608K, used 26316K [0x00000000c0000000, 0x00000000c4300000, 0x00000000eab00000)
  object space 68608K, 38% used [0x00000000c0000000,0x00000000c19b3208,0x00000000c4300000)
 Metaspace       used 46191K, committed 47552K, reserved 1114112K
  class space    used 4869K, committed 5440K, reserved 1048576K
}
Event: 68.490 GC heap after
{Heap after GC invocations=22 (full 2):
 PSYoungGen      total 21504K, used 2030K [0x00000000eab00000, 0x00000000ec980000, 0x0000000100000000)
  eden space 19456K, 0% used [0x00000000eab00000,0x00000000eab00000,0x00000000ebe00000)
  from space 2048K, 99% used [0x00000000ec280000,0x00000000ec47b9d8,0x00000000ec480000)
  to   space 4608K, 0% used [0x00000000ebe00000,0x00000000ebe00000,0x00000000ec280000)
 ParOldGen       total 68608K, used 28084K [0x00000000c0000000, 0x00000000c4300000, 0x00000000eab00000)
  object space 68608K, 40% used [0x00000000c0000000,0x00000000c1b6d218,0x00000000c4300000)
 Metaspace       used 46191K, committed 47552K, reserved 1114112K
  class space    used 4869K, committed 5440K, reserved 1048576K
}
Event: 68.729 GC heap before
{Heap before GC invocations=23 (full 2):
 PSYoungGen      total 21504K, used 21486K [0x00000000eab00000, 0x00000000ec980000, 0x0000000100000000)
  eden space 19456K, 100% used [0x00000000eab00000,0x00000000ebe00000,0x00000000ebe00000)
  from space 2048K, 99% used [0x00000000ec280000,0x00000000ec47b9d8,0x00000000ec480000)
  to   space 4608K, 0% used [0x00000000ebe00000,0x00000000ebe00000,0x00000000ec280000)
 ParOldGen       total 68608K, used 28084K [0x00000000c0000000, 0x00000000c4300000, 0x00000000eab00000)
  object space 68608K, 40% used [0x00000000c0000000,0x00000000c1b6d218,0x00000000c4300000)
 Metaspace       used 46501K, committed 47808K, reserved 1114112K
  class space    used 4897K, committed 5440K, reserved 1048576K
}
Event: 68.735 GC heap after
{Heap after GC invocations=23 (full 2):
 PSYoungGen      total 22528K, used 2818K [0x00000000eab00000, 0x00000000ec500000, 0x0000000100000000)
  eden space 19456K, 0% used [0x00000000eab00000,0x00000000eab00000,0x00000000ebe00000)
  from space 3072K, 91% used [0x00000000ebe00000,0x00000000ec0c0998,0x00000000ec100000)
  to   space 3584K, 0% used [0x00000000ec180000,0x00000000ec180000,0x00000000ec500000)
 ParOldGen       total 68608K, used 30084K [0x00000000c0000000, 0x00000000c4300000, 0x00000000eab00000)
  object space 68608K, 43% used [0x00000000c0000000,0x00000000c1d610a8,0x00000000c4300000)
 Metaspace       used 46501K, committed 47808K, reserved 1114112K
  class space    used 4897K, committed 5440K, reserved 1048576K
}
Event: 69.215 GC heap before
{Heap before GC invocations=24 (full 2):
 PSYoungGen      total 22528K, used 22274K [0x00000000eab00000, 0x00000000ec500000, 0x0000000100000000)
  eden space 19456K, 99% used [0x00000000eab00000,0x00000000ebdffff0,0x00000000ebe00000)
  from space 3072K, 91% used [0x00000000ebe00000,0x00000000ec0c0998,0x00000000ec100000)
  to   space 3584K, 0% used [0x00000000ec180000,0x00000000ec180000,0x00000000ec500000)
 ParOldGen       total 68608K, used 30084K [0x00000000c0000000, 0x00000000c4300000, 0x00000000eab00000)
  object space 68608K, 43% used [0x00000000c0000000,0x00000000c1d610a8,0x00000000c4300000)
 Metaspace       used 47197K, committed 48512K, reserved 1114112K
  class space    used 4948K, committed 5504K, reserved 1048576K
}
Event: 69.222 GC heap after
{Heap after GC invocations=24 (full 2):
 PSYoungGen      total 21504K, used 1828K [0x00000000eab00000, 0x00000000ec380000, 0x0000000100000000)
  eden space 19456K, 0% used [0x00000000eab00000,0x00000000eab00000,0x00000000ebe00000)
  from space 2048K, 89% used [0x00000000ec180000,0x00000000ec349170,0x00000000ec380000)
  to   space 2560K, 0% used [0x00000000ebe80000,0x00000000ebe80000,0x00000000ec100000)
 ParOldGen       total 68608K, used 32658K [0x00000000c0000000, 0x00000000c4300000, 0x00000000eab00000)
  object space 68608K, 47% used [0x00000000c0000000,0x00000000c1fe4a78,0x00000000c4300000)
 Metaspace       used 47197K, committed 48512K, reserved 1114112K
  class space    used 4948K, committed 5504K, reserved 1048576K
}
Event: 69.537 GC heap before
{Heap before GC invocations=25 (full 2):
 PSYoungGen      total 21504K, used 21284K [0x00000000eab00000, 0x00000000ec380000, 0x0000000100000000)
  eden space 19456K, 100% used [0x00000000eab00000,0x00000000ebe00000,0x00000000ebe00000)
  from space 2048K, 89% used [0x00000000ec180000,0x00000000ec349170,0x00000000ec380000)
  to   space 2560K, 0% used [0x00000000ebe80000,0x00000000ebe80000,0x00000000ec100000)
 ParOldGen       total 68608K, used 32658K [0x00000000c0000000, 0x00000000c4300000, 0x00000000eab00000)
  object space 68608K, 47% used [0x00000000c0000000,0x00000000c1fe4a78,0x00000000c4300000)
 Metaspace       used 47757K, committed 48960K, reserved 1114112K
  class space    used 5000K, committed 5504K, reserved 1048576K
}
Event: 69.551 GC heap after
{Heap after GC invocations=25 (full 2):
 PSYoungGen      total 22016K, used 2539K [0x00000000eab00000, 0x00000000ed200000, 0x0000000100000000)
  eden space 19456K, 0% used [0x00000000eab00000,0x00000000eab00000,0x00000000ebe00000)
  from space 2560K, 99% used [0x00000000ebe80000,0x00000000ec0faf38,0x00000000ec100000)
  to   space 10240K, 0% used [0x00000000ec800000,0x00000000ec800000,0x00000000ed200000)
 ParOldGen       total 68608K, used 39093K [0x00000000c0000000, 0x00000000c4300000, 0x00000000eab00000)
  object space 68608K, 56% used [0x00000000c0000000,0x00000000c262d548,0x00000000c4300000)
 Metaspace       used 47757K, committed 48960K, reserved 1114112K
  class space    used 5000K, committed 5504K, reserved 1048576K
}

