# JRE version: OpenJDK Runtime Environment Temurin-21.0.5+11 (21.0.5+11) (build 21.0.5+11-LTS)
# Java VM: OpenJDK 64-Bit Server VM Temurin-21.0.5+11 (21.0.5+11-LTS, mixed mode, sharing, tiered, compressed oops, compressed class ptrs, parallel gc, windows-amd64)
GC Precious Log:
 CardTable entry size: 512
 CPUs: 8 total, 8 available
 Memory: 3797M
 Large Page Support: Disabled
 NUMA Support: Disabled
 Compressed Oops: Enabled (32-bit)
 Alignments: Space 512K, Generation 512K, Heap 2M
 Heap Min Capacity: 100M
 Heap Initial Capacity: 100M
 Heap Max Capacity: 1G
 Pre-touch: Disabled
 Parallel Workers: 8
Heap:
 PSYoungGen      total 8192K, used 1856K [0x00000000eab00000, 0x00000000eb480000, 0x0000000100000000)
  eden space 6656K, 8% used [0x00000000eab00000,0x00000000eab90050,0x00000000eb180000)
  from space 1536K, 83% used [0x00000000eb300000,0x00000000eb440250,0x00000000eb480000)
  to   space 1536K, 0% used [0x00000000eb180000,0x00000000eb180000,0x00000000eb300000)
 ParOldGen       total 176640K, used 176232K [0x00000000c0000000, 0x00000000cac80000, 0x00000000eab00000)
  object space 176640K, 99% used [0x00000000c0000000,0x00000000cac1a028,0x00000000cac80000)
 Metaspace       used 49400K, committed 50560K, reserved 1114112K
  class space    used 5169K, committed 5696K, reserved 1048576K
GC Heap History (20 events):
Event: 34.985 GC heap before
{Heap before GC invocations=120 (full 2):
 PSYoungGen      total 8192K, used 7872K [0x00000000eab00000, 0x00000000eb480000, 0x0000000100000000)
  eden space 6656K, 100% used [0x00000000eab00000,0x00000000eb180000,0x00000000eb180000)
  from space 1536K, 79% used [0x00000000eb180000,0x00000000eb2b0000,0x00000000eb300000)
  to   space 1536K, 0% used [0x00000000eb300000,0x00000000eb300000,0x00000000eb480000)
 ParOldGen       total 162304K, used 161845K [0x00000000c0000000, 0x00000000c9e80000, 0x00000000eab00000)
  object space 162304K, 99% used [0x00000000c0000000,0x00000000c9e0d6d0,0x00000000c9e80000)
 Metaspace       used 49400K, committed 50560K, reserved 1114112K
  class space    used 5169K, committed 5696K, reserved 1048576K
}
Event: 34.987 GC heap after
{Heap after GC invocations=120 (full 2):
 PSYoungGen      total 8192K, used 1206K [0x00000000eab00000, 0x00000000eb480000, 0x0000000100000000)
  eden space 6656K, 0% used [0x00000000eab00000,0x00000000eab00000,0x00000000eb180000)
  from space 1536K, 78% used [0x00000000eb300000,0x00000000eb42d970,0x00000000eb480000)
  to   space 1536K, 0% used [0x00000000eb180000,0x00000000eb180000,0x00000000eb300000)
 ParOldGen       total 163328K, used 162933K [0x00000000c0000000, 0x00000000c9f80000, 0x00000000eab00000)
  object space 163328K, 99% used [0x00000000c0000000,0x00000000c9f1d578,0x00000000c9f80000)
 Metaspace       used 49400K, committed 50560K, reserved 1114112K
  class space    used 5169K, committed 5696K, reserved 1048576K
}
Event: 35.030 GC heap before
{Heap before GC invocations=121 (full 2):
 PSYoungGen      total 8192K, used 7862K [0x00000000eab00000, 0x00000000eb480000, 0x0000000100000000)
  eden space 6656K, 100% used [0x00000000eab00000,0x00000000eb180000,0x00000000eb180000)
  from space 1536K, 78% used [0x00000000eb300000,0x00000000eb42d970,0x00000000eb480000)
  to   space 1536K, 0% used [0x00000000eb180000,0x00000000eb180000,0x00000000eb300000)
 ParOldGen       total 163328K, used 162933K [0x00000000c0000000, 0x00000000c9f80000, 0x00000000eab00000)
  object space 163328K, 99% used [0x00000000c0000000,0x00000000c9f1d578,0x00000000c9f80000)
 Metaspace       used 49400K, committed 50560K, reserved 1114112K
  class space    used 5169K, committed 5696K, reserved 1048576K
}
Event: 35.032 GC heap after
{Heap after GC invocations=121 (full 2):
 PSYoungGen      total 8192K, used 1265K [0x00000000eab00000, 0x00000000eb480000, 0x0000000100000000)
  eden space 6656K, 0% used [0x00000000eab00000,0x00000000eab00000,0x00000000eb180000)
  from space 1536K, 82% used [0x00000000eb180000,0x00000000eb2bc750,0x00000000eb300000)
  to   space 1536K, 0% used [0x00000000eb300000,0x00000000eb300000,0x00000000eb480000)
 ParOldGen       total 164352K, used 163997K [0x00000000c0000000, 0x00000000ca080000, 0x00000000eab00000)
  object space 164352K, 99% used [0x00000000c0000000,0x00000000ca027780,0x00000000ca080000)
 Metaspace       used 49400K, committed 50560K, reserved 1114112K
  class space    used 5169K, committed 5696K, reserved 1048576K
}
Event: 35.072 GC heap before
{Heap before GC invocations=122 (full 2):
 PSYoungGen      total 8192K, used 7921K [0x00000000eab00000, 0x00000000eb480000, 0x0000000100000000)
  eden space 6656K, 100% used [0x00000000eab00000,0x00000000eb180000,0x00000000eb180000)
  from space 1536K, 82% used [0x00000000eb180000,0x00000000eb2bc750,0x00000000eb300000)
  to   space 1536K, 0% used [0x00000000eb300000,0x00000000eb300000,0x00000000eb480000)
 ParOldGen       total 164352K, used 163997K [0x00000000c0000000, 0x00000000ca080000, 0x00000000eab00000)
  object space 164352K, 99% used [0x00000000c0000000,0x00000000ca027780,0x00000000ca080000)
 Metaspace       used 49400K, committed 50560K, reserved 1114112K
  class space    used 5169K, committed 5696K, reserved 1048576K
}
Event: 35.074 GC heap after
{Heap after GC invocations=122 (full 2):
 PSYoungGen      total 8192K, used 1257K [0x00000000eab00000, 0x00000000eb480000, 0x0000000100000000)
  eden space 6656K, 0% used [0x00000000eab00000,0x00000000eab00000,0x00000000eb180000)
  from space 1536K, 81% used [0x00000000eb300000,0x00000000eb43a498,0x00000000eb480000)
  to   space 1536K, 0% used [0x00000000eb180000,0x00000000eb180000,0x00000000eb300000)
 ParOldGen       total 165376K, used 165109K [0x00000000c0000000, 0x00000000ca180000, 0x00000000eab00000)
  object space 165376K, 99% used [0x00000000c0000000,0x00000000ca13d4f8,0x00000000ca180000)
 Metaspace       used 49400K, committed 50560K, reserved 1114112K
  class space    used 5169K, committed 5696K, reserved 1048576K
}
Event: 35.104 GC heap before
{Heap before GC invocations=123 (full 2):
 PSYoungGen      total 8192K, used 7913K [0x00000000eab00000, 0x00000000eb480000, 0x0000000100000000)
  eden space 6656K, 100% used [0x00000000eab00000,0x00000000eb180000,0x00000000eb180000)
  from space 1536K, 81% used [0x00000000eb300000,0x00000000eb43a498,0x00000000eb480000)
  to   space 1536K, 0% used [0x00000000eb180000,0x00000000eb180000,0x00000000eb300000)
 ParOldGen       total 165376K, used 165109K [0x00000000c0000000, 0x00000000ca180000, 0x00000000eab00000)
  object space 165376K, 99% used [0x00000000c0000000,0x00000000ca13d4f8,0x00000000ca180000)
 Metaspace       used 49400K, committed 50560K, reserved 1114112K
  class space    used 5169K, committed 5696K, reserved 1048576K
}
Event: 35.107 GC heap after
{Heap after GC invocations=123 (full 2):
 PSYoungGen      total 8192K, used 1313K [0x00000000eab00000, 0x00000000eb480000, 0x0000000100000000)
  eden space 6656K, 0% used [0x00000000eab00000,0x00000000eab00000,0x00000000eb180000)
  from space 1536K, 85% used [0x00000000eb180000,0x00000000eb2c85f0,0x00000000eb300000)
  to   space 1536K, 0% used [0x00000000eb300000,0x00000000eb300000,0x00000000eb480000)
 ParOldGen       total 166400K, used 166227K [0x00000000c0000000, 0x00000000ca280000, 0x00000000eab00000)
  object space 166400K, 99% used [0x00000000c0000000,0x00000000ca254f78,0x00000000ca280000)
 Metaspace       used 49400K, committed 50560K, reserved 1114112K
  class space    used 5169K, committed 5696K, reserved 1048576K
}
Event: 35.138 GC heap before
{Heap before GC invocations=124 (full 2):
 PSYoungGen      total 8192K, used 7969K [0x00000000eab00000, 0x00000000eb480000, 0x0000000100000000)
  eden space 6656K, 100% used [0x00000000eab00000,0x00000000eb180000,0x00000000eb180000)
  from space 1536K, 85% used [0x00000000eb180000,0x00000000eb2c85f0,0x00000000eb300000)
  to   space 1536K, 0% used [0x00000000eb300000,0x00000000eb300000,0x00000000eb480000)
 ParOldGen       total 166400K, used 166227K [0x00000000c0000000, 0x00000000ca280000, 0x00000000eab00000)
  object space 166400K, 99% used [0x00000000c0000000,0x00000000ca254f78,0x00000000ca280000)
 Metaspace       used 49400K, committed 50560K, reserved 1114112K
  class space    used 5169K, committed 5696K, reserved 1048576K
}
Event: 35.140 GC heap after
{Heap after GC invocations=124 (full 2):
 PSYoungGen      total 8192K, used 1206K [0x00000000eab00000, 0x00000000eb480000, 0x0000000100000000)
  eden space 6656K, 0% used [0x00000000eab00000,0x00000000eab00000,0x00000000eb180000)
  from space 1536K, 78% used [0x00000000eb300000,0x00000000eb42dbd0,0x00000000eb480000)
  to   space 1536K, 0% used [0x00000000eb180000,0x00000000eb180000,0x00000000eb300000)
 ParOldGen       total 167424K, used 167405K [0x00000000c0000000, 0x00000000ca380000, 0x00000000eab00000)
  object space 167424K, 99% used [0x00000000c0000000,0x00000000ca37b500,0x00000000ca380000)
 Metaspace       used 49400K, committed 50560K, reserved 1114112K
  class space    used 5169K, committed 5696K, reserved 1048576K
}
Event: 35.178 GC heap before
{Heap before GC invocations=125 (full 2):
 PSYoungGen      total 8192K, used 7862K [0x00000000eab00000, 0x00000000eb480000, 0x0000000100000000)
  eden space 6656K, 100% used [0x00000000eab00000,0x00000000eb180000,0x00000000eb180000)
  from space 1536K, 78% used [0x00000000eb300000,0x00000000eb42dbd0,0x00000000eb480000)
  to   space 1536K, 0% used [0x00000000eb180000,0x00000000eb180000,0x00000000eb300000)
 ParOldGen       total 167424K, used 167405K [0x00000000c0000000, 0x00000000ca380000, 0x00000000eab00000)
  object space 167424K, 99% used [0x00000000c0000000,0x00000000ca37b500,0x00000000ca380000)
 Metaspace       used 49400K, committed 50560K, reserved 1114112K
  class space    used 5169K, committed 5696K, reserved 1048576K
}
Event: 35.180 GC heap after
{Heap after GC invocations=125 (full 2):
 PSYoungGen      total 8192K, used 1078K [0x00000000eab00000, 0x00000000eb480000, 0x0000000100000000)
  eden space 6656K, 0% used [0x00000000eab00000,0x00000000eab00000,0x00000000eb180000)
  from space 1536K, 70% used [0x00000000eb180000,0x00000000eb28d960,0x00000000eb300000)
  to   space 1536K, 0% used [0x00000000eb300000,0x00000000eb300000,0x00000000eb480000)
 ParOldGen       total 168960K, used 168491K [0x00000000c0000000, 0x00000000ca500000, 0x00000000eab00000)
  object space 168960K, 99% used [0x00000000c0000000,0x00000000ca48afa0,0x00000000ca500000)
 Metaspace       used 49400K, committed 50560K, reserved 1114112K
  class space    used 5169K, committed 5696K, reserved 1048576K
}
Event: 35.233 GC heap before
{Heap before GC invocations=126 (full 2):
 PSYoungGen      total 8192K, used 7734K [0x00000000eab00000, 0x00000000eb480000, 0x0000000100000000)
  eden space 6656K, 100% used [0x00000000eab00000,0x00000000eb180000,0x00000000eb180000)
  from space 1536K, 70% used [0x00000000eb180000,0x00000000eb28d960,0x00000000eb300000)
  to   space 1536K, 0% used [0x00000000eb300000,0x00000000eb300000,0x00000000eb480000)
 ParOldGen       total 168960K, used 168491K [0x00000000c0000000, 0x00000000ca500000, 0x00000000eab00000)
  object space 168960K, 99% used [0x00000000c0000000,0x00000000ca48afa0,0x00000000ca500000)
 Metaspace       used 49400K, committed 50560K, reserved 1114112K
  class space    used 5169K, committed 5696K, reserved 1048576K
}
Event: 35.236 GC heap after
{Heap after GC invocations=126 (full 2):
 PSYoungGen      total 8192K, used 1250K [0x00000000eab00000, 0x00000000eb480000, 0x0000000100000000)
  eden space 6656K, 0% used [0x00000000eab00000,0x00000000eab00000,0x00000000eb180000)
  from space 1536K, 81% used [0x00000000eb300000,0x00000000eb4388c0,0x00000000eb480000)
  to   space 1536K, 0% used [0x00000000eb180000,0x00000000eb180000,0x00000000eb300000)
 ParOldGen       total 169472K, used 169450K [0x00000000c0000000, 0x00000000ca580000, 0x00000000eab00000)
  object space 169472K, 99% used [0x00000000c0000000,0x00000000ca57ab38,0x00000000ca580000)
 Metaspace       used 49400K, committed 50560K, reserved 1114112K
  class space    used 5169K, committed 5696K, reserved 1048576K
}
Event: 35.279 GC heap before
{Heap before GC invocations=127 (full 2):
 PSYoungGen      total 8192K, used 7906K [0x00000000eab00000, 0x00000000eb480000, 0x0000000100000000)
  eden space 6656K, 100% used [0x00000000eab00000,0x00000000eb180000,0x00000000eb180000)
  from space 1536K, 81% used [0x00000000eb300000,0x00000000eb4388c0,0x00000000eb480000)
  to   space 1536K, 0% used [0x00000000eb180000,0x00000000eb180000,0x00000000eb300000)
 ParOldGen       total 169472K, used 169450K [0x00000000c0000000, 0x00000000ca580000, 0x00000000eab00000)
  object space 169472K, 99% used [0x00000000c0000000,0x00000000ca57ab38,0x00000000ca580000)
 Metaspace       used 49400K, committed 50560K, reserved 1114112K
  class space    used 5169K, committed 5696K, reserved 1048576K
}
Event: 35.281 GC heap after
{Heap after GC invocations=127 (full 2):
 PSYoungGen      total 8192K, used 1196K [0x00000000eab00000, 0x00000000eb480000, 0x0000000100000000)
  eden space 6656K, 0% used [0x00000000eab00000,0x00000000eab00000,0x00000000eb180000)
  from space 1536K, 77% used [0x00000000eb180000,0x00000000eb2ab080,0x00000000eb300000)
  to   space 1536K, 0% used [0x00000000eb300000,0x00000000eb300000,0x00000000eb480000)
 ParOldGen       total 171008K, used 170545K [0x00000000c0000000, 0x00000000ca700000, 0x00000000eab00000)
  object space 171008K, 99% used [0x00000000c0000000,0x00000000ca68c6b0,0x00000000ca700000)
 Metaspace       used 49400K, committed 50560K, reserved 1114112K
  class space    used 5169K, committed 5696K, reserved 1048576K
}
Event: 35.331 GC heap before
{Heap before GC invocations=128 (full 2):
 PSYoungGen      total 8192K, used 7852K [0x00000000eab00000, 0x00000000eb480000, 0x0000000100000000)
  eden space 6656K, 100% used [0x00000000eab00000,0x00000000eb180000,0x00000000eb180000)
  from space 1536K, 77% used [0x00000000eb180000,0x00000000eb2ab080,0x00000000eb300000)
  to   space 1536K, 0% used [0x00000000eb300000,0x00000000eb300000,0x00000000eb480000)
 ParOldGen       total 171008K, used 170545K [0x00000000c0000000, 0x00000000ca700000, 0x00000000eab00000)
  object space 171008K, 99% used [0x00000000c0000000,0x00000000ca68c6b0,0x00000000ca700000)
 Metaspace       used 49400K, committed 50560K, reserved 1114112K
  class space    used 5169K, committed 5696K, reserved 1048576K
}
Event: 35.334 GC heap after
{Heap after GC invocations=128 (full 2):
 PSYoungGen      total 8192K, used 1284K [0x00000000eab00000, 0x00000000eb480000, 0x0000000100000000)
  eden space 6656K, 0% used [0x00000000eab00000,0x00000000eab00000,0x00000000eb180000)
  from space 1536K, 83% used [0x00000000eb300000,0x00000000eb441298,0x00000000eb480000)
  to   space 1536K, 0% used [0x00000000eb180000,0x00000000eb180000,0x00000000eb300000)
 ParOldGen       total 172032K, used 171608K [0x00000000c0000000, 0x00000000ca800000, 0x00000000eab00000)
  object space 172032K, 99% used [0x00000000c0000000,0x00000000ca796178,0x00000000ca800000)
 Metaspace       used 49400K, committed 50560K, reserved 1114112K
  class space    used 5169K, committed 5696K, reserved 1048576K
}
Event: 35.385 GC heap before
{Heap before GC invocations=129 (full 2):
 PSYoungGen      total 8192K, used 7940K [0x00000000eab00000, 0x00000000eb480000, 0x0000000100000000)
  eden space 6656K, 100% used [0x00000000eab00000,0x00000000eb180000,0x00000000eb180000)
  from space 1536K, 83% used [0x00000000eb300000,0x00000000eb441298,0x00000000eb480000)
  to   space 1536K, 0% used [0x00000000eb180000,0x00000000eb180000,0x00000000eb300000)
 ParOldGen       total 172032K, used 171608K [0x00000000c0000000, 0x00000000ca800000, 0x00000000eab00000)
  object space 172032K, 99% used [0x00000000c0000000,0x00000000ca796178,0x00000000ca800000)
 Metaspace       used 49400K, committed 50560K, reserved 1114112K
  class space    used 5169K, committed 5696K, reserved 1048576K
}
Event: 35.387 GC heap after
{Heap after GC invocations=129 (full 2):
 PSYoungGen      total 8192K, used 1267K [0x00000000eab00000, 0x00000000eb480000, 0x0000000100000000)
  eden space 6656K, 0% used [0x00000000eab00000,0x00000000eab00000,0x00000000eb180000)
  from space 1536K, 82% used [0x00000000eb180000,0x00000000eb2bcf08,0x00000000eb300000)
  to   space 1536K, 0% used [0x00000000eb300000,0x00000000eb300000,0x00000000eb480000)
 ParOldGen       total 173056K, used 172815K [0x00000000c0000000, 0x00000000ca900000, 0x00000000eab00000)
  object space 173056K, 99% used [0x00000000c0000000,0x00000000ca8c3c98,0x00000000ca900000)
 Metaspace       used 49400K, committed 50560K, reserved 1114112K
  class space    used 5169K, committed 5696K, reserved 1048576K
}

