# JRE version: OpenJDK Runtime Environment Temurin-21.0.5+11 (21.0.5+11) (build 21.0.5+11-LTS)
# Java VM: OpenJDK 64-Bit Server VM Temurin-21.0.5+11 (21.0.5+11-LTS, mixed mode, sharing, tiered, compressed oops, compressed class ptrs, parallel gc, windows-amd64)
GC Precious Log:
 CardTable entry size: 512
 CPUs: 8 total, 8 available
 Memory: 3797M
 Large Page Support: Disabled
 NUMA Support: Disabled
 Compressed Oops: Enabled (32-bit)
 Alignments: Space 512K, Generation 512K, Heap 2M
 Heap Min Capacity: 100M
 Heap Initial Capacity: 100M
 Heap Max Capacity: 1G
 Pre-touch: Disabled
 Parallel Workers: 8
Heap:
 PSYoungGen      total 6656K, used 4936K [0x00000000eab00000, 0x00000000eb600000, 0x0000000100000000)
  eden space 2560K, 39% used [0x00000000eab00000,0x00000000eabfbb50,0x00000000ead80000)
  from space 4096K, 96% used [0x00000000ead80000,0x00000000eb15f0f8,0x00000000eb180000)
  to   space 4096K, 0% used [0x00000000eb200000,0x00000000eb200000,0x00000000eb600000)
 ParOldGen       total 348160K, used 347648K [0x00000000c0000000, 0x00000000d5400000, 0x00000000eab00000)
  object space 348160K, 99% used [0x00000000c0000000,0x00000000d5380218,0x00000000d5400000)
 Metaspace       used 55187K, committed 56448K, reserved 1114112K
  class space    used 5703K, committed 6272K, reserved 1048576K
GC Heap History (20 events):
Event: 135.520 GC heap before
{Heap before GC invocations=243 (full 3):
 PSYoungGen      total 3072K, used 2647K [0x00000000eab00000, 0x00000000eb600000, 0x0000000100000000)
  eden space 1536K, 100% used [0x00000000eab00000,0x00000000eac80000,0x00000000eac80000)
  from space 1536K, 72% used [0x00000000eb300000,0x00000000eb415c98,0x00000000eb480000)
  to   space 1536K, 0% used [0x00000000eb480000,0x00000000eb480000,0x00000000eb600000)
 ParOldGen       total 337408K, used 336939K [0x00000000c0000000, 0x00000000d4980000, 0x00000000eab00000)
  object space 337408K, 99% used [0x00000000c0000000,0x00000000d490ad70,0x00000000d4980000)
 Metaspace       used 54572K, committed 55808K, reserved 1114112K
  class space    used 5658K, committed 6208K, reserved 1048576K
}
Event: 135.525 GC heap after
{Heap after GC invocations=243 (full 3):
 PSYoungGen      total 3584K, used 1511K [0x00000000eab00000, 0x00000000eb600000, 0x0000000100000000)
  eden space 2048K, 0% used [0x00000000eab00000,0x00000000eab00000,0x00000000ead00000)
  from space 1536K, 98% used [0x00000000eb480000,0x00000000eb5f9fa0,0x00000000eb600000)
  to   space 3072K, 0% used [0x00000000eb000000,0x00000000eb000000,0x00000000eb300000)
 ParOldGen       total 338432K, used 337946K [0x00000000c0000000, 0x00000000d4a80000, 0x00000000eab00000)
  object space 338432K, 99% used [0x00000000c0000000,0x00000000d4a069c0,0x00000000d4a80000)
 Metaspace       used 54572K, committed 55808K, reserved 1114112K
  class space    used 5658K, committed 6208K, reserved 1048576K
}
Event: 135.629 GC heap before
{Heap before GC invocations=244 (full 3):
 PSYoungGen      total 3584K, used 3559K [0x00000000eab00000, 0x00000000eb600000, 0x0000000100000000)
  eden space 2048K, 100% used [0x00000000eab00000,0x00000000ead00000,0x00000000ead00000)
  from space 1536K, 98% used [0x00000000eb480000,0x00000000eb5f9fa0,0x00000000eb600000)
  to   space 3072K, 0% used [0x00000000eb000000,0x00000000eb000000,0x00000000eb300000)
 ParOldGen       total 338432K, used 337946K [0x00000000c0000000, 0x00000000d4a80000, 0x00000000eab00000)
  object space 338432K, 99% used [0x00000000c0000000,0x00000000d4a069c0,0x00000000d4a80000)
 Metaspace       used 54592K, committed 55808K, reserved 1114112K
  class space    used 5660K, committed 6208K, reserved 1048576K
}
Event: 135.633 GC heap after
{Heap after GC invocations=244 (full 3):
 PSYoungGen      total 5632K, used 1280K [0x00000000eab00000, 0x00000000eb500000, 0x0000000100000000)
  eden space 2560K, 0% used [0x00000000eab00000,0x00000000eab00000,0x00000000ead80000)
  from space 3072K, 41% used [0x00000000eb000000,0x00000000eb140000,0x00000000eb300000)
  to   space 2048K, 0% used [0x00000000eb300000,0x00000000eb300000,0x00000000eb500000)
 ParOldGen       total 339456K, used 339304K [0x00000000c0000000, 0x00000000d4b80000, 0x00000000eab00000)
  object space 339456K, 99% used [0x00000000c0000000,0x00000000d4b5a3f8,0x00000000d4b80000)
 Metaspace       used 54592K, committed 55808K, reserved 1114112K
  class space    used 5660K, committed 6208K, reserved 1048576K
}
Event: 135.676 GC heap before
{Heap before GC invocations=245 (full 3):
 PSYoungGen      total 5632K, used 3840K [0x00000000eab00000, 0x00000000eb500000, 0x0000000100000000)
  eden space 2560K, 100% used [0x00000000eab00000,0x00000000ead80000,0x00000000ead80000)
  from space 3072K, 41% used [0x00000000eb000000,0x00000000eb140000,0x00000000eb300000)
  to   space 2048K, 0% used [0x00000000eb300000,0x00000000eb300000,0x00000000eb500000)
 ParOldGen       total 339456K, used 339304K [0x00000000c0000000, 0x00000000d4b80000, 0x00000000eab00000)
  object space 339456K, 99% used [0x00000000c0000000,0x00000000d4b5a3f8,0x00000000d4b80000)
 Metaspace       used 54594K, committed 55808K, reserved 1114112K
  class space    used 5660K, committed 6208K, reserved 1048576K
}
Event: 135.681 GC heap after
{Heap after GC invocations=245 (full 3):
 PSYoungGen      total 4608K, used 1536K [0x00000000eab00000, 0x00000000eb480000, 0x0000000100000000)
  eden space 3072K, 0% used [0x00000000eab00000,0x00000000eab00000,0x00000000eae00000)
  from space 1536K, 100% used [0x00000000eb300000,0x00000000eb480000,0x00000000eb480000)
  to   space 2048K, 0% used [0x00000000eb080000,0x00000000eb080000,0x00000000eb280000)
 ParOldGen       total 340992K, used 340518K [0x00000000c0000000, 0x00000000d4d00000, 0x00000000eab00000)
  object space 340992K, 99% used [0x00000000c0000000,0x00000000d4c89958,0x00000000d4d00000)
 Metaspace       used 54594K, committed 55808K, reserved 1114112K
  class space    used 5660K, committed 6208K, reserved 1048576K
}
Event: 137.625 GC heap before
{Heap before GC invocations=246 (full 3):
 PSYoungGen      total 4608K, used 4607K [0x00000000eab00000, 0x00000000eb480000, 0x0000000100000000)
  eden space 3072K, 99% used [0x00000000eab00000,0x00000000eadfffb8,0x00000000eae00000)
  from space 1536K, 100% used [0x00000000eb300000,0x00000000eb480000,0x00000000eb480000)
  to   space 2048K, 0% used [0x00000000eb080000,0x00000000eb080000,0x00000000eb280000)
 ParOldGen       total 340992K, used 340518K [0x00000000c0000000, 0x00000000d4d00000, 0x00000000eab00000)
  object space 340992K, 99% used [0x00000000c0000000,0x00000000d4c89958,0x00000000d4d00000)
 Metaspace       used 54664K, committed 55872K, reserved 1114112K
  class space    used 5668K, committed 6208K, reserved 1048576K
}
Event: 137.660 GC heap after
{Heap after GC invocations=246 (full 3):
 PSYoungGen      total 5632K, used 2048K [0x00000000eab00000, 0x00000000eb680000, 0x0000000100000000)
  eden space 3584K, 0% used [0x00000000eab00000,0x00000000eab00000,0x00000000eae80000)
  from space 2048K, 100% used [0x00000000eb080000,0x00000000eb280000,0x00000000eb280000)
  to   space 4096K, 0% used [0x00000000eb280000,0x00000000eb280000,0x00000000eb680000)
 ParOldGen       total 342528K, used 342054K [0x00000000c0000000, 0x00000000d4e80000, 0x00000000eab00000)
  object space 342528K, 99% used [0x00000000c0000000,0x00000000d4e09958,0x00000000d4e80000)
 Metaspace       used 54664K, committed 55872K, reserved 1114112K
  class space    used 5668K, committed 6208K, reserved 1048576K
}
Event: 138.661 GC heap before
{Heap before GC invocations=247 (full 3):
 PSYoungGen      total 5632K, used 5631K [0x00000000eab00000, 0x00000000eb680000, 0x0000000100000000)
  eden space 3584K, 99% used [0x00000000eab00000,0x00000000eae7ffc8,0x00000000eae80000)
  from space 2048K, 100% used [0x00000000eb080000,0x00000000eb280000,0x00000000eb280000)
  to   space 4096K, 0% used [0x00000000eb280000,0x00000000eb280000,0x00000000eb680000)
 ParOldGen       total 342528K, used 342054K [0x00000000c0000000, 0x00000000d4e80000, 0x00000000eab00000)
  object space 342528K, 99% used [0x00000000c0000000,0x00000000d4e09958,0x00000000d4e80000)
 Metaspace       used 54741K, committed 55936K, reserved 1114112K
  class space    used 5672K, committed 6208K, reserved 1048576K
}
Event: 138.680 GC heap after
{Heap after GC invocations=247 (full 3):
 PSYoungGen      total 6144K, used 1888K [0x00000000eab00000, 0x00000000eb480000, 0x0000000100000000)
  eden space 4096K, 0% used [0x00000000eab00000,0x00000000eab00000,0x00000000eaf00000)
  from space 2048K, 92% used [0x00000000eb280000,0x00000000eb458000,0x00000000eb480000)
  to   space 2560K, 0% used [0x00000000eaf80000,0x00000000eaf80000,0x00000000eb200000)
 ParOldGen       total 344576K, used 344134K [0x00000000c0000000, 0x00000000d5080000, 0x00000000eab00000)
  object space 344576K, 99% used [0x00000000c0000000,0x00000000d5011958,0x00000000d5080000)
 Metaspace       used 54741K, committed 55936K, reserved 1114112K
  class space    used 5672K, committed 6208K, reserved 1048576K
}
Event: 140.907 GC heap before
{Heap before GC invocations=248 (full 3):
 PSYoungGen      total 6144K, used 5984K [0x00000000eab00000, 0x00000000eb480000, 0x0000000100000000)
  eden space 4096K, 100% used [0x00000000eab00000,0x00000000eaf00000,0x00000000eaf00000)
  from space 2048K, 92% used [0x00000000eb280000,0x00000000eb458000,0x00000000eb480000)
  to   space 2560K, 0% used [0x00000000eaf80000,0x00000000eaf80000,0x00000000eb200000)
 ParOldGen       total 344576K, used 344134K [0x00000000c0000000, 0x00000000d5080000, 0x00000000eab00000)
  object space 344576K, 99% used [0x00000000c0000000,0x00000000d5011958,0x00000000d5080000)
 Metaspace       used 54921K, committed 56128K, reserved 1114112K
  class space    used 5684K, committed 6208K, reserved 1048576K
}
Event: 140.920 GC heap after
{Heap after GC invocations=248 (full 3):
 PSYoungGen      total 7168K, used 2496K [0x00000000eab00000, 0x00000000eb580000, 0x0000000100000000)
  eden space 4608K, 0% used [0x00000000eab00000,0x00000000eab00000,0x00000000eaf80000)
  from space 2560K, 97% used [0x00000000eaf80000,0x00000000eb1f0000,0x00000000eb200000)
  to   space 3072K, 0% used [0x00000000eb280000,0x00000000eb280000,0x00000000eb580000)
 ParOldGen       total 344576K, used 344134K [0x00000000c0000000, 0x00000000d5080000, 0x00000000eab00000)
  object space 344576K, 99% used [0x00000000c0000000,0x00000000d5011958,0x00000000d5080000)
 Metaspace       used 54921K, committed 56128K, reserved 1114112K
  class space    used 5684K, committed 6208K, reserved 1048576K
}
Event: 143.362 GC heap before
{Heap before GC invocations=249 (full 3):
 PSYoungGen      total 7168K, used 7066K [0x00000000eab00000, 0x00000000eb580000, 0x0000000100000000)
  eden space 4608K, 99% used [0x00000000eab00000,0x00000000eaf769b8,0x00000000eaf80000)
  from space 2560K, 97% used [0x00000000eaf80000,0x00000000eb1f0000,0x00000000eb200000)
  to   space 3072K, 0% used [0x00000000eb280000,0x00000000eb280000,0x00000000eb580000)
 ParOldGen       total 344576K, used 344134K [0x00000000c0000000, 0x00000000d5080000, 0x00000000eab00000)
  object space 344576K, 99% used [0x00000000c0000000,0x00000000d5011958,0x00000000d5080000)
 Metaspace       used 55180K, committed 56448K, reserved 1114112K
  class space    used 5703K, committed 6272K, reserved 1048576K
}
Event: 143.449 GC heap after
{Heap after GC invocations=249 (full 3):
 PSYoungGen      total 5632K, used 3055K [0x00000000eab00000, 0x00000000eba00000, 0x0000000100000000)
  eden space 2560K, 0% used [0x00000000eab00000,0x00000000eab00000,0x00000000ead80000)
  from space 3072K, 99% used [0x00000000eb280000,0x00000000eb57bc20,0x00000000eb580000)
  to   space 5120K, 0% used [0x00000000ead80000,0x00000000ead80000,0x00000000eb280000)
 ParOldGen       total 346112K, used 345607K [0x00000000c0000000, 0x00000000d5200000, 0x00000000eab00000)
  object space 346112K, 99% used [0x00000000c0000000,0x00000000d5181e40,0x00000000d5200000)
 Metaspace       used 55180K, committed 56448K, reserved 1114112K
  class space    used 5703K, committed 6272K, reserved 1048576K
}
Event: 143.559 GC heap before
{Heap before GC invocations=250 (full 3):
 PSYoungGen      total 5632K, used 5614K [0x00000000eab00000, 0x00000000eba00000, 0x0000000100000000)
  eden space 2560K, 99% used [0x00000000eab00000,0x00000000ead7fe40,0x00000000ead80000)
  from space 3072K, 99% used [0x00000000eb280000,0x00000000eb57bc20,0x00000000eb580000)
  to   space 5120K, 0% used [0x00000000ead80000,0x00000000ead80000,0x00000000eb280000)
 ParOldGen       total 346112K, used 345607K [0x00000000c0000000, 0x00000000d5200000, 0x00000000eab00000)
  object space 346112K, 99% used [0x00000000c0000000,0x00000000d5181e40,0x00000000d5200000)
 Metaspace       used 55180K, committed 56448K, reserved 1114112K
  class space    used 5703K, committed 6272K, reserved 1048576K
}
Event: 143.577 GC heap after
{Heap after GC invocations=250 (full 3):
 PSYoungGen      total 5120K, used 2385K [0x00000000eab00000, 0x00000000eb500000, 0x0000000100000000)
  eden space 2560K, 0% used [0x00000000eab00000,0x00000000eab00000,0x00000000ead80000)
  from space 2560K, 93% used [0x00000000ead80000,0x00000000eafd4738,0x00000000eb000000)
  to   space 3584K, 0% used [0x00000000eb180000,0x00000000eb180000,0x00000000eb500000)
 ParOldGen       total 347648K, used 347640K [0x00000000c0000000, 0x00000000d5380000, 0x00000000eab00000)
  object space 347648K, 99% used [0x00000000c0000000,0x00000000d537e218,0x00000000d5380000)
 Metaspace       used 55180K, committed 56448K, reserved 1114112K
  class space    used 5703K, committed 6272K, reserved 1048576K
}
Event: 143.701 GC heap before
{Heap before GC invocations=251 (full 3):
 PSYoungGen      total 5120K, used 4945K [0x00000000eab00000, 0x00000000eb500000, 0x0000000100000000)
  eden space 2560K, 100% used [0x00000000eab00000,0x00000000ead80000,0x00000000ead80000)
  from space 2560K, 93% used [0x00000000ead80000,0x00000000eafd4738,0x00000000eb000000)
  to   space 3584K, 0% used [0x00000000eb180000,0x00000000eb180000,0x00000000eb500000)
 ParOldGen       total 347648K, used 347640K [0x00000000c0000000, 0x00000000d5380000, 0x00000000eab00000)
  object space 347648K, 99% used [0x00000000c0000000,0x00000000d537e218,0x00000000d5380000)
 Metaspace       used 55181K, committed 56448K, reserved 1114112K
  class space    used 5703K, committed 6272K, reserved 1048576K
}
Event: 143.704 GC heap after
{Heap after GC invocations=251 (full 3):
 PSYoungGen      total 6144K, used 3470K [0x00000000eab00000, 0x00000000eb600000, 0x0000000100000000)
  eden space 2560K, 0% used [0x00000000eab00000,0x00000000eab00000,0x00000000ead80000)
  from space 3584K, 96% used [0x00000000eb180000,0x00000000eb4e3b48,0x00000000eb500000)
  to   space 4096K, 0% used [0x00000000ead80000,0x00000000ead80000,0x00000000eb180000)
 ParOldGen       total 347648K, used 347640K [0x00000000c0000000, 0x00000000d5380000, 0x00000000eab00000)
  object space 347648K, 99% used [0x00000000c0000000,0x00000000d537e218,0x00000000d5380000)
 Metaspace       used 55181K, committed 56448K, reserved 1114112K
  class space    used 5703K, committed 6272K, reserved 1048576K
}
Event: 143.764 GC heap before
{Heap before GC invocations=252 (full 3):
 PSYoungGen      total 6144K, used 5952K [0x00000000eab00000, 0x00000000eb600000, 0x0000000100000000)
  eden space 2560K, 96% used [0x00000000eab00000,0x00000000ead6c868,0x00000000ead80000)
  from space 3584K, 96% used [0x00000000eb180000,0x00000000eb4e3b48,0x00000000eb500000)
  to   space 4096K, 0% used [0x00000000ead80000,0x00000000ead80000,0x00000000eb180000)
 ParOldGen       total 347648K, used 347640K [0x00000000c0000000, 0x00000000d5380000, 0x00000000eab00000)
  object space 347648K, 99% used [0x00000000c0000000,0x00000000d537e218,0x00000000d5380000)
 Metaspace       used 55182K, committed 56448K, reserved 1114112K
  class space    used 5703K, committed 6272K, reserved 1048576K
}
Event: 143.812 GC heap after
{Heap after GC invocations=252 (full 3):
 PSYoungGen      total 6656K, used 3964K [0x00000000eab00000, 0x00000000eb600000, 0x0000000100000000)
  eden space 2560K, 0% used [0x00000000eab00000,0x00000000eab00000,0x00000000ead80000)
  from space 4096K, 96% used [0x00000000ead80000,0x00000000eb15f0f8,0x00000000eb180000)
  to   space 4096K, 0% used [0x00000000eb200000,0x00000000eb200000,0x00000000eb600000)
 ParOldGen       total 348160K, used 347648K [0x00000000c0000000, 0x00000000d5400000, 0x00000000eab00000)
  object space 348160K, 99% used [0x00000000c0000000,0x00000000d5380218,0x00000000d5400000)
 Metaspace       used 55182K, committed 56448K, reserved 1114112K
  class space    used 5703K, committed 6272K, reserved 1048576K
}

