# JRE version: OpenJDK Runtime Environment Temurin-21.0.5+11 (21.0.5+11) (build 21.0.5+11-LTS)
# Java VM: OpenJDK 64-Bit Server VM Temurin-21.0.5+11 (21.0.5+11-LTS, mixed mode, sharing, tiered, compressed oops, compressed class ptrs, parallel gc, windows-amd64)
GC Precious Log:
 CardTable entry size: 512
 CPUs: 8 total, 8 available
 Memory: 3797M
 Large Page Support: Disabled
 NUMA Support: Disabled
 Compressed Oops: Enabled (32-bit)
 Alignments: Space 512K, Generation 512K, Heap 2M
 Heap Min Capacity: 100M
 Heap Initial Capacity: 100M
 Heap Max Capacity: 1G
 Pre-touch: Disabled
 Parallel Workers: 8
Heap:
 PSYoungGen      total 2048K, used 1928K [0x00000000eab00000, 0x00000000eae80000, 0x0000000100000000)
  eden space 1536K, 98% used [0x00000000eab00000,0x00000000eac7a0b0,0x00000000eac80000)
  from space 512K, 81% used [0x00000000eae00000,0x00000000eae68000,0x00000000eae80000)
  to   space 512K, 50% used [0x00000000ead80000,0x00000000eadc0000,0x00000000eae00000)
 ParOldGen       total 377344K, used 377340K [0x00000000c0000000, 0x00000000d7080000, 0x00000000eab00000)
  object space 377344K, 99% used [0x00000000c0000000,0x00000000d707f3f8,0x00000000d7080000)
 Metaspace       used 50735K, committed 52032K, reserved 1114112K
  class space    used 5334K, committed 5888K, reserved 1048576K
GC Heap History (20 events):
Event: 53.506 GC heap before
{Heap before GC invocations=277 (full 2):
 PSYoungGen      total 2560K, used 2559K [0x00000000eab00000, 0x00000000eb500000, 0x0000000100000000)
  eden space 512K, 100% used [0x00000000eab00000,0x00000000eab80000,0x00000000eab80000)
  from space 2048K, 99% used [0x00000000eaf00000,0x00000000eb0ffc38,0x00000000eb100000)
  to   space 3584K, 0% used [0x00000000eab80000,0x00000000eab80000,0x00000000eaf00000)
 ParOldGen       total 368640K, used 367856K [0x00000000c0000000, 0x00000000d6800000, 0x00000000eab00000)
  object space 368640K, 99% used [0x00000000c0000000,0x00000000d673c1b8,0x00000000d6800000)
 Metaspace       used 50691K, committed 51968K, reserved 1114112K
  class space    used 5330K, committed 5888K, reserved 1048576K
}
Event: 53.509 GC heap after
{Heap after GC invocations=277 (full 2):
 PSYoungGen      total 1536K, used 576K [0x00000000eab00000, 0x00000000eaf80000, 0x0000000100000000)
  eden space 512K, 0% used [0x00000000eab00000,0x00000000eab00000,0x00000000eab80000)
  from space 1024K, 56% used [0x00000000eab80000,0x00000000eac10000,0x00000000eac80000)
  to   space 2048K, 0% used [0x00000000ead80000,0x00000000ead80000,0x00000000eaf80000)
 ParOldGen       total 370176K, used 369891K [0x00000000c0000000, 0x00000000d6980000, 0x00000000eab00000)
  object space 370176K, 99% used [0x00000000c0000000,0x00000000d6938d90,0x00000000d6980000)
 Metaspace       used 50691K, committed 51968K, reserved 1114112K
  class space    used 5330K, committed 5888K, reserved 1048576K
}
Event: 53.530 GC heap before
{Heap before GC invocations=278 (full 2):
 PSYoungGen      total 1536K, used 1088K [0x00000000eab00000, 0x00000000eaf80000, 0x0000000100000000)
  eden space 512K, 100% used [0x00000000eab00000,0x00000000eab80000,0x00000000eab80000)
  from space 1024K, 56% used [0x00000000eab80000,0x00000000eac10000,0x00000000eac80000)
  to   space 2048K, 0% used [0x00000000ead80000,0x00000000ead80000,0x00000000eaf80000)
 ParOldGen       total 370176K, used 369891K [0x00000000c0000000, 0x00000000d6980000, 0x00000000eab00000)
  object space 370176K, 99% used [0x00000000c0000000,0x00000000d6938d90,0x00000000d6980000)
 Metaspace       used 50696K, committed 51968K, reserved 1114112K
  class space    used 5330K, committed 5888K, reserved 1048576K
}
Event: 53.532 GC heap after
{Heap after GC invocations=278 (full 2):
 PSYoungGen      total 1536K, used 544K [0x00000000eab00000, 0x00000000eae80000, 0x0000000100000000)
  eden space 512K, 0% used [0x00000000eab00000,0x00000000eab00000,0x00000000eab80000)
  from space 1024K, 53% used [0x00000000ead80000,0x00000000eae08000,0x00000000eae80000)
  to   space 1024K, 0% used [0x00000000eab80000,0x00000000eab80000,0x00000000eac80000)
 ParOldGen       total 370688K, used 370383K [0x00000000c0000000, 0x00000000d6a00000, 0x00000000eab00000)
  object space 370688K, 99% used [0x00000000c0000000,0x00000000d69b3d88,0x00000000d6a00000)
 Metaspace       used 50696K, committed 51968K, reserved 1114112K
  class space    used 5330K, committed 5888K, reserved 1048576K
}
Event: 53.547 GC heap before
{Heap before GC invocations=279 (full 2):
 PSYoungGen      total 1536K, used 1056K [0x00000000eab00000, 0x00000000eae80000, 0x0000000100000000)
  eden space 512K, 100% used [0x00000000eab00000,0x00000000eab80000,0x00000000eab80000)
  from space 1024K, 53% used [0x00000000ead80000,0x00000000eae08000,0x00000000eae80000)
  to   space 1024K, 0% used [0x00000000eab80000,0x00000000eab80000,0x00000000eac80000)
 ParOldGen       total 370688K, used 370383K [0x00000000c0000000, 0x00000000d6a00000, 0x00000000eab00000)
  object space 370688K, 99% used [0x00000000c0000000,0x00000000d69b3d88,0x00000000d6a00000)
 Metaspace       used 50696K, committed 51968K, reserved 1114112K
  class space    used 5330K, committed 5888K, reserved 1048576K
}
Event: 53.549 GC heap after
{Heap after GC invocations=279 (full 2):
 PSYoungGen      total 1536K, used 480K [0x00000000eab00000, 0x00000000eae00000, 0x0000000100000000)
  eden space 512K, 0% used [0x00000000eab00000,0x00000000eab00000,0x00000000eab80000)
  from space 1024K, 46% used [0x00000000eab80000,0x00000000eabf8000,0x00000000eac80000)
  to   space 1024K, 0% used [0x00000000ead00000,0x00000000ead00000,0x00000000eae00000)
 ParOldGen       total 371200K, used 370847K [0x00000000c0000000, 0x00000000d6a80000, 0x00000000eab00000)
  object space 371200K, 99% used [0x00000000c0000000,0x00000000d6a27d88,0x00000000d6a80000)
 Metaspace       used 50696K, committed 51968K, reserved 1114112K
  class space    used 5330K, committed 5888K, reserved 1048576K
}
Event: 53.554 GC heap before
{Heap before GC invocations=280 (full 2):
 PSYoungGen      total 1536K, used 992K [0x00000000eab00000, 0x00000000eae00000, 0x0000000100000000)
  eden space 512K, 100% used [0x00000000eab00000,0x00000000eab80000,0x00000000eab80000)
  from space 1024K, 46% used [0x00000000eab80000,0x00000000eabf8000,0x00000000eac80000)
  to   space 1024K, 0% used [0x00000000ead00000,0x00000000ead00000,0x00000000eae00000)
 ParOldGen       total 371200K, used 370847K [0x00000000c0000000, 0x00000000d6a80000, 0x00000000eab00000)
  object space 371200K, 99% used [0x00000000c0000000,0x00000000d6a27d88,0x00000000d6a80000)
 Metaspace       used 50696K, committed 51968K, reserved 1114112K
  class space    used 5330K, committed 5888K, reserved 1048576K
}
Event: 53.556 GC heap after
{Heap after GC invocations=280 (full 2):
 PSYoungGen      total 2048K, used 384K [0x00000000eab00000, 0x00000000ead80000, 0x0000000100000000)
  eden space 1536K, 0% used [0x00000000eab00000,0x00000000eab00000,0x00000000eac80000)
  from space 512K, 75% used [0x00000000ead00000,0x00000000ead60000,0x00000000ead80000)
  to   space 512K, 0% used [0x00000000eac80000,0x00000000eac80000,0x00000000ead00000)
 ParOldGen       total 371200K, used 371183K [0x00000000c0000000, 0x00000000d6a80000, 0x00000000eab00000)
  object space 371200K, 99% used [0x00000000c0000000,0x00000000d6a7bd88,0x00000000d6a80000)
 Metaspace       used 50696K, committed 51968K, reserved 1114112K
  class space    used 5330K, committed 5888K, reserved 1048576K
}
Event: 53.568 GC heap before
{Heap before GC invocations=281 (full 2):
 PSYoungGen      total 2048K, used 1920K [0x00000000eab00000, 0x00000000ead80000, 0x0000000100000000)
  eden space 1536K, 100% used [0x00000000eab00000,0x00000000eac80000,0x00000000eac80000)
  from space 512K, 75% used [0x00000000ead00000,0x00000000ead60000,0x00000000ead80000)
  to   space 512K, 0% used [0x00000000eac80000,0x00000000eac80000,0x00000000ead00000)
 ParOldGen       total 371200K, used 371183K [0x00000000c0000000, 0x00000000d6a80000, 0x00000000eab00000)
  object space 371200K, 99% used [0x00000000c0000000,0x00000000d6a7bd88,0x00000000d6a80000)
 Metaspace       used 50696K, committed 51968K, reserved 1114112K
  class space    used 5330K, committed 5888K, reserved 1048576K
}
Event: 53.570 GC heap after
{Heap after GC invocations=281 (full 2):
 PSYoungGen      total 2048K, used 512K [0x00000000eab00000, 0x00000000eaf80000, 0x0000000100000000)
  eden space 1536K, 0% used [0x00000000eab00000,0x00000000eab00000,0x00000000eac80000)
  from space 512K, 100% used [0x00000000eac80000,0x00000000ead00000,0x00000000ead00000)
  to   space 1536K, 0% used [0x00000000eae00000,0x00000000eae00000,0x00000000eaf80000)
 ParOldGen       total 372224K, used 371959K [0x00000000c0000000, 0x00000000d6b80000, 0x00000000eab00000)
  object space 372224K, 99% used [0x00000000c0000000,0x00000000d6b3dd88,0x00000000d6b80000)
 Metaspace       used 50696K, committed 51968K, reserved 1114112K
  class space    used 5330K, committed 5888K, reserved 1048576K
}
Event: 53.623 GC heap before
{Heap before GC invocations=282 (full 2):
 PSYoungGen      total 2048K, used 2048K [0x00000000eab00000, 0x00000000eaf80000, 0x0000000100000000)
  eden space 1536K, 100% used [0x00000000eab00000,0x00000000eac80000,0x00000000eac80000)
  from space 512K, 100% used [0x00000000eac80000,0x00000000ead00000,0x00000000ead00000)
  to   space 1536K, 0% used [0x00000000eae00000,0x00000000eae00000,0x00000000eaf80000)
 ParOldGen       total 372224K, used 371959K [0x00000000c0000000, 0x00000000d6b80000, 0x00000000eab00000)
  object space 372224K, 99% used [0x00000000c0000000,0x00000000d6b3dd88,0x00000000d6b80000)
 Metaspace       used 50696K, committed 51968K, reserved 1114112K
  class space    used 5330K, committed 5888K, reserved 1048576K
}
Event: 53.625 GC heap after
{Heap after GC invocations=282 (full 2):
 PSYoungGen      total 3072K, used 960K [0x00000000eab00000, 0x00000000eaf80000, 0x0000000100000000)
  eden space 1536K, 0% used [0x00000000eab00000,0x00000000eab00000,0x00000000eac80000)
  from space 1536K, 62% used [0x00000000eae00000,0x00000000eaef0000,0x00000000eaf80000)
  to   space 1536K, 0% used [0x00000000eac80000,0x00000000eac80000,0x00000000eae00000)
 ParOldGen       total 372736K, used 372511K [0x00000000c0000000, 0x00000000d6c00000, 0x00000000eab00000)
  object space 372736K, 99% used [0x00000000c0000000,0x00000000d6bc7d88,0x00000000d6c00000)
 Metaspace       used 50696K, committed 51968K, reserved 1114112K
  class space    used 5330K, committed 5888K, reserved 1048576K
}
Event: 53.703 GC heap before
{Heap before GC invocations=283 (full 2):
 PSYoungGen      total 3072K, used 2495K [0x00000000eab00000, 0x00000000eaf80000, 0x0000000100000000)
  eden space 1536K, 99% used [0x00000000eab00000,0x00000000eac7ffe0,0x00000000eac80000)
  from space 1536K, 62% used [0x00000000eae00000,0x00000000eaef0000,0x00000000eaf80000)
  to   space 1536K, 0% used [0x00000000eac80000,0x00000000eac80000,0x00000000eae00000)
 ParOldGen       total 372736K, used 372511K [0x00000000c0000000, 0x00000000d6c00000, 0x00000000eab00000)
  object space 372736K, 99% used [0x00000000c0000000,0x00000000d6bc7d88,0x00000000d6c00000)
 Metaspace       used 50696K, committed 51968K, reserved 1114112K
  class space    used 5330K, committed 5888K, reserved 1048576K
}
Event: 53.705 GC heap after
{Heap after GC invocations=283 (full 2):
 PSYoungGen      total 3072K, used 1344K [0x00000000eab00000, 0x00000000eaf80000, 0x0000000100000000)
  eden space 1536K, 0% used [0x00000000eab00000,0x00000000eab00000,0x00000000eac80000)
  from space 1536K, 87% used [0x00000000eac80000,0x00000000eadd0000,0x00000000eae00000)
  to   space 1536K, 0% used [0x00000000eae00000,0x00000000eae00000,0x00000000eaf80000)
 ParOldGen       total 373760K, used 373399K [0x00000000c0000000, 0x00000000d6d00000, 0x00000000eab00000)
  object space 373760K, 99% used [0x00000000c0000000,0x00000000d6ca5d88,0x00000000d6d00000)
 Metaspace       used 50696K, committed 51968K, reserved 1114112K
  class space    used 5330K, committed 5888K, reserved 1048576K
}
Event: 54.011 GC heap before
{Heap before GC invocations=284 (full 2):
 PSYoungGen      total 3072K, used 2880K [0x00000000eab00000, 0x00000000eaf80000, 0x0000000100000000)
  eden space 1536K, 100% used [0x00000000eab00000,0x00000000eac80000,0x00000000eac80000)
  from space 1536K, 87% used [0x00000000eac80000,0x00000000eadd0000,0x00000000eae00000)
  to   space 1536K, 0% used [0x00000000eae00000,0x00000000eae00000,0x00000000eaf80000)
 ParOldGen       total 373760K, used 373399K [0x00000000c0000000, 0x00000000d6d00000, 0x00000000eab00000)
  object space 373760K, 99% used [0x00000000c0000000,0x00000000d6ca5d88,0x00000000d6d00000)
 Metaspace       used 50696K, committed 51968K, reserved 1114112K
  class space    used 5330K, committed 5888K, reserved 1048576K
}
Event: 54.018 GC heap after
{Heap after GC invocations=284 (full 2):
 PSYoungGen      total 3072K, used 1376K [0x00000000eab00000, 0x00000000eaf80000, 0x0000000100000000)
  eden space 1536K, 0% used [0x00000000eab00000,0x00000000eab00000,0x00000000eac80000)
  from space 1536K, 89% used [0x00000000eae00000,0x00000000eaf58000,0x00000000eaf80000)
  to   space 1536K, 0% used [0x00000000eac80000,0x00000000eac80000,0x00000000eae00000)
 ParOldGen       total 374784K, used 374655K [0x00000000c0000000, 0x00000000d6e00000, 0x00000000eab00000)
  object space 374784K, 99% used [0x00000000c0000000,0x00000000d6ddfd88,0x00000000d6e00000)
 Metaspace       used 50696K, committed 51968K, reserved 1114112K
  class space    used 5330K, committed 5888K, reserved 1048576K
}
Event: 54.067 GC heap before
{Heap before GC invocations=285 (full 2):
 PSYoungGen      total 3072K, used 2888K [0x00000000eab00000, 0x00000000eaf80000, 0x0000000100000000)
  eden space 1536K, 98% used [0x00000000eab00000,0x00000000eac7a1f8,0x00000000eac80000)
  from space 1536K, 89% used [0x00000000eae00000,0x00000000eaf58000,0x00000000eaf80000)
  to   space 1536K, 0% used [0x00000000eac80000,0x00000000eac80000,0x00000000eae00000)
 ParOldGen       total 374784K, used 374655K [0x00000000c0000000, 0x00000000d6e00000, 0x00000000eab00000)
  object space 374784K, 99% used [0x00000000c0000000,0x00000000d6ddfd88,0x00000000d6e00000)
 Metaspace       used 50696K, committed 51968K, reserved 1114112K
  class space    used 5330K, committed 5888K, reserved 1048576K
}
Event: 54.073 GC heap after
{Heap after GC invocations=285 (full 2):
 PSYoungGen      total 3072K, used 1088K [0x00000000eab00000, 0x00000000eaf80000, 0x0000000100000000)
  eden space 1536K, 0% used [0x00000000eab00000,0x00000000eab00000,0x00000000eac80000)
  from space 1536K, 70% used [0x00000000eac80000,0x00000000ead90000,0x00000000eae00000)
  to   space 1536K, 0% used [0x00000000eae00000,0x00000000eae00000,0x00000000eaf80000)
 ParOldGen       total 376320K, used 375935K [0x00000000c0000000, 0x00000000d6f80000, 0x00000000eab00000)
  object space 376320K, 99% used [0x00000000c0000000,0x00000000d6f1fd88,0x00000000d6f80000)
 Metaspace       used 50696K, committed 51968K, reserved 1114112K
  class space    used 5330K, committed 5888K, reserved 1048576K
}
Event: 55.198 GC heap before
{Heap before GC invocations=286 (full 2):
 PSYoungGen      total 3072K, used 2624K [0x00000000eab00000, 0x00000000eaf80000, 0x0000000100000000)
  eden space 1536K, 100% used [0x00000000eab00000,0x00000000eac80000,0x00000000eac80000)
  from space 1536K, 70% used [0x00000000eac80000,0x00000000ead90000,0x00000000eae00000)
  to   space 1536K, 0% used [0x00000000eae00000,0x00000000eae00000,0x00000000eaf80000)
 ParOldGen       total 376320K, used 375935K [0x00000000c0000000, 0x00000000d6f80000, 0x00000000eab00000)
  object space 376320K, 99% used [0x00000000c0000000,0x00000000d6f1fd88,0x00000000d6f80000)
 Metaspace       used 50734K, committed 52032K, reserved 1114112K
  class space    used 5334K, committed 5888K, reserved 1048576K
}
Event: 55.203 GC heap after
{Heap after GC invocations=286 (full 2):
 PSYoungGen      total 2048K, used 320K [0x00000000eab00000, 0x00000000eae80000, 0x0000000100000000)
  eden space 1536K, 0% used [0x00000000eab00000,0x00000000eab00000,0x00000000eac80000)
  from space 512K, 62% used [0x00000000eae00000,0x00000000eae50000,0x00000000eae80000)
  to   space 1024K, 0% used [0x00000000eac80000,0x00000000eac80000,0x00000000ead80000)
 ParOldGen       total 377344K, used 376943K [0x00000000c0000000, 0x00000000d7080000, 0x00000000eab00000)
  object space 377344K, 99% used [0x00000000c0000000,0x00000000d701bd88,0x00000000d7080000)
 Metaspace       used 50734K, committed 52032K, reserved 1114112K
  class space    used 5334K, committed 5888K, reserved 1048576K
}

